Using pre-set license
Built from '2021.3/staging' branch; Version is '2021.3.23f1 (213b516bf396) revision 2177873'; Using compiler version '192829333'; Build Type 'Release'
OS: 'Windows 10  (10.0.19045) 64bit Professional' Language: 'it' Physical Memory: 16265 MB
BatchMode: 1, IsHumanControllingUs: 0, StartBugReporterOnCrash: 0, Is64bit: 1, IsPro: 1

COMMAND LINE ARGUMENTS:
C:\Program Files\Unity\Hub\Editor\2021.3.23f1\Editor\Unity.exe
-adb2
-batchMode
-noUpm
-name
AssetImportWorker3
-projectPath
C:/Users/Francesco/Project/unity/RPG - demo
-logFile
Logs/AssetImportWorker3.log
-srvPort
53917
Successfully changed project path to: C:/Users/Francesco/Project/unity/RPG - demo
C:/Users/Francesco/Project/unity/RPG - demo
[UnityMemory] Configuration Parameters - Can be set up in boot.config
    "memorysetup-bucket-allocator-granularity=16"
    "memorysetup-bucket-allocator-bucket-count=8"
    "memorysetup-bucket-allocator-block-size=33554432"
    "memorysetup-bucket-allocator-block-count=8"
    "memorysetup-main-allocator-block-size=16777216"
    "memorysetup-thread-allocator-block-size=16777216"
    "memorysetup-gfx-main-allocator-block-size=16777216"
    "memorysetup-gfx-thread-allocator-block-size=16777216"
    "memorysetup-cache-allocator-block-size=4194304"
    "memorysetup-typetree-allocator-block-size=2097152"
    "memorysetup-profiler-bucket-allocator-granularity=16"
    "memorysetup-profiler-bucket-allocator-bucket-count=8"
    "memorysetup-profiler-bucket-allocator-block-size=33554432"
    "memorysetup-profiler-bucket-allocator-block-count=8"
    "memorysetup-profiler-allocator-block-size=16777216"
    "memorysetup-profiler-editor-allocator-block-size=1048576"
    "memorysetup-temp-allocator-size-main=16777216"
    "memorysetup-job-temp-allocator-block-size=2097152"
    "memorysetup-job-temp-allocator-block-size-background=1048576"
    "memorysetup-job-temp-allocator-reduction-small-platforms=262144"
    "memorysetup-temp-allocator-size-background-worker=32768"
    "memorysetup-temp-allocator-size-job-worker=262144"
    "memorysetup-temp-allocator-size-preload-manager=33554432"
    "memorysetup-temp-allocator-size-nav-mesh-worker=65536"
    "memorysetup-temp-allocator-size-audio-worker=65536"
    "memorysetup-temp-allocator-size-cloud-worker=32768"
    "memorysetup-temp-allocator-size-gi-baking-worker=262144"
    "memorysetup-temp-allocator-size-gfx=262144"
Player connection [18772] Host "[IP] 172.30.80.1 [Port] 0 [Flags] 2 [Guid] 2174679720 [EditorId] 2174679720 [Version] 1048832 [Id] WindowsEditor(7,DESKTOP-FM72HVD) [Debug] 1 [PackageName] WindowsEditor [ProjectName] Editor" joined multi-casting on [225.0.0.222:54997]...

Player connection [18772] Host "[IP] 172.30.80.1 [Port] 0 [Flags] 2 [Guid] 2174679720 [EditorId] 2174679720 [Version] 1048832 [Id] WindowsEditor(7,DESKTOP-FM72HVD) [Debug] 1 [PackageName] WindowsEditor [ProjectName] Editor" joined alternative multi-casting on [225.0.0.222:34997]...

Refreshing native plugins compatible for Editor in 88.09 ms, found 3 plugins.
Preloading 0 native plugins for Editor in 0.00 ms.
Initialize engine version: 2021.3.23f1 (213b516bf396)
[Subsystems] Discovering subsystems at path C:/Program Files/Unity/Hub/Editor/2021.3.23f1/Editor/Data/Resources/UnitySubsystems
[Subsystems] Discovering subsystems at path C:/Users/Francesco/Project/unity/RPG - demo/Assets
GfxDevice: creating device client; threaded=0; jobified=0
Direct3D:
    Version:  Direct3D 11.0 [level 11.1]
    Renderer: AMD Radeon RX 6700 XT (ID=0x73df)
    Vendor:   ATI
    VRAM:     12243 MB
    Driver:   31.0.21023.2010
Initialize mono
Mono path[0] = 'C:/Program Files/Unity/Hub/Editor/2021.3.23f1/Editor/Data/Managed'
Mono path[1] = 'C:/Program Files/Unity/Hub/Editor/2021.3.23f1/Editor/Data/MonoBleedingEdge/lib/mono/unityjit-win32'
Mono config path = 'C:/Program Files/Unity/Hub/Editor/2021.3.23f1/Editor/Data/MonoBleedingEdge/etc'
Using monoOptions --debugger-agent=transport=dt_socket,embedding=1,server=y,suspend=n,address=127.0.0.1:56300
Begin MonoManager ReloadAssembly
Registering precompiled unity dll's ...
Register platform support module: C:/Program Files/Unity/Hub/Editor/2021.3.23f1/Editor/Data/PlaybackEngines/WebGLSupport/UnityEditor.WebGL.Extensions.dll
Register platform support module: C:/Program Files/Unity/Hub/Editor/2021.3.23f1/Editor/Data/PlaybackEngines/WindowsStandaloneSupport/UnityEditor.WindowsStandalone.Extensions.dll
Registered in 0.006937 seconds.
Native extension for WindowsStandalone target not found
Native extension for WebGL target not found
Refreshing native plugins compatible for Editor in 66.38 ms, found 3 plugins.
Preloading 0 native plugins for Editor in 0.00 ms.
Mono: successfully reloaded assembly
- Completed reload, in  0.470 seconds
Domain Reload Profiling:
	ReloadAssembly (470ms)
		BeginReloadAssembly (66ms)
			ExecutionOrderSort (0ms)
			DisableScriptedObjects (0ms)
			BackupInstance (0ms)
			ReleaseScriptingObjects (0ms)
			CreateAndSetChildDomain (1ms)
		EndReloadAssembly (331ms)
			LoadAssemblies (64ms)
			RebuildTransferFunctionScriptingTraits (0ms)
			SetupTypeCache (69ms)
			ReleaseScriptCaches (0ms)
			RebuildScriptCaches (19ms)
			SetupLoadedEditorAssemblies (206ms)
				LogAssemblyErrors (0ms)
				InitializePlatformSupportModulesInManaged (7ms)
				SetLoadedEditorAssemblies (0ms)
				RefreshPlugins (66ms)
				BeforeProcessingInitializeOnLoad (1ms)
				ProcessInitializeOnLoadAttributes (100ms)
				ProcessInitializeOnLoadMethodAttributes (32ms)
				AfterProcessingInitializeOnLoad (0ms)
				EditorAssembliesLoaded (0ms)
			ExecutionOrderSort2 (0ms)
			AwakeInstancesAfterBackupRestoration (0ms)
Platform modules already initialized, skipping
Registering precompiled user dll's ...
Registered in 0.006057 seconds.
Begin MonoManager ReloadAssembly
Symbol file LoadedFromMemory doesn't match image C:\Users\Francesco\Project\unity\RPG - demo\Library\PackageCache\com.unity.visualscripting@1.8.0\Editor\VisualScripting.Core\Dependencies\YamlDotNet\Unity.VisualScripting.YamlDotNet.dll
Symbol file LoadedFromMemory doesn't match image C:\Users\Francesco\Project\unity\RPG - demo\Library\PackageCache\com.unity.visualscripting@1.8.0\Editor\VisualScripting.Core\Dependencies\DotNetZip\Unity.VisualScripting.IonicZip.dll
Native extension for WindowsStandalone target not found
Native extension for WebGL target not found
Refreshing native plugins compatible for Editor in 0.50 ms, found 3 plugins.
Preloading 0 native plugins for Editor in 0.00 ms.
Mono: successfully reloaded assembly
- Completed reload, in  0.784 seconds
Domain Reload Profiling:
	ReloadAssembly (784ms)
		BeginReloadAssembly (88ms)
			ExecutionOrderSort (0ms)
			DisableScriptedObjects (4ms)
			BackupInstance (0ms)
			ReleaseScriptingObjects (0ms)
			CreateAndSetChildDomain (13ms)
		EndReloadAssembly (615ms)
			LoadAssemblies (70ms)
			RebuildTransferFunctionScriptingTraits (0ms)
			SetupTypeCache (181ms)
			ReleaseScriptCaches (0ms)
			RebuildScriptCaches (37ms)
			SetupLoadedEditorAssemblies (309ms)
				LogAssemblyErrors (0ms)
				InitializePlatformSupportModulesInManaged (6ms)
				SetLoadedEditorAssemblies (0ms)
				RefreshPlugins (1ms)
				BeforeProcessingInitializeOnLoad (66ms)
				ProcessInitializeOnLoadAttributes (215ms)
				ProcessInitializeOnLoadMethodAttributes (14ms)
				AfterProcessingInitializeOnLoad (8ms)
				EditorAssembliesLoaded (0ms)
			ExecutionOrderSort2 (0ms)
			AwakeInstancesAfterBackupRestoration (4ms)
Platform modules already initialized, skipping
========================================================================
Worker process is ready to serve import requests
Launched and connected shader compiler UnityShaderCompiler.exe after 0.03 seconds
Refreshing native plugins compatible for Editor in 0.51 ms, found 3 plugins.
Preloading 0 native plugins for Editor in 0.00 ms.
Unloading 3334 Unused Serialized files (Serialized files now loaded: 0)
Unloading 40 unused Assets / (185.9 KB). Loaded Objects now: 3827.
Memory consumption went from 209.2 MB to 209.0 MB.
Total: 2.100800 ms (FindLiveObjects: 0.200000 ms CreateObjectMapping: 0.094700 ms MarkObjects: 1.694300 ms  DeleteObjects: 0.110700 ms)

AssetImportParameters requested are different than current active one (requested -> active):
  custom:video-decoder-ogg-theora: a1e56fd34408186e4bbccfd4996cb3dc -> 
  custom:container-muxer-webm: aa71ff27fc2769a1b78a27578f13a17b -> 
  custom:container-demuxer-webm: 4f35f7cbe854078d1ac9338744f61a02 -> 
  custom:video-encoder-webm-vp8: eb34c28f22e8b96e1ab97ce403110664 -> 
  custom:audio-encoder-webm-vorbis: bf7c407c2cedff20999df2af8eb42d56 -> 
  custom:framework-win-MediaFoundation: 216162199b28c13a410421893ffa2e32 -> 
  custom:container-demuxer-ogg: 62fdf1f143b41e24485cea50d1cbac27 -> 
  custom:video-decoder-webm-vp8: 9c59270c3fd7afecdb556c50c9e8de78 -> 
  custom:audio-decoder-ogg-vorbis: bf7c407c2cedff20999df2af8eb42d56 -> 
========================================================================
Received Import Request.
  Time since last request: 286569.891760 seconds.
  path: Assets/Game/Props/Wall Lamp.prefab
  artifactKey: Guid(9f496c4f9ce745a44af5c4bcd7ec7571) Importer(815301076,1909f56bfc062723c751e8b465ee728b)
Start importing Assets/Game/Props/Wall Lamp.prefab using Guid(9f496c4f9ce745a44af5c4bcd7ec7571) Importer(815301076,1909f56bfc062723c751e8b465ee728b)  -> (artifact id: 'df12c25618925073715235cb431b1ea5') in 0.097915 seconds 
========================================================================
Received Import Request.
  Time since last request: 37.220880 seconds.
  path: Assets/Game/Props/Wall Lamp.prefab
  artifactKey: Guid(9f496c4f9ce745a44af5c4bcd7ec7571) Importer(815301076,1909f56bfc062723c751e8b465ee728b)
Start importing Assets/Game/Props/Wall Lamp.prefab using Guid(9f496c4f9ce745a44af5c4bcd7ec7571) Importer(815301076,1909f56bfc062723c751e8b465ee728b)  -> (artifact id: 'b5c11079252b16cf1492eb256fcd4934') in 0.012650 seconds 
========================================================================
Received Import Request.
  Time since last request: 21.744578 seconds.
  path: Assets/Game/Props/Wall Lamp.prefab
  artifactKey: Guid(9f496c4f9ce745a44af5c4bcd7ec7571) Importer(815301076,1909f56bfc062723c751e8b465ee728b)
Start importing Assets/Game/Props/Wall Lamp.prefab using Guid(9f496c4f9ce745a44af5c4bcd7ec7571) Importer(815301076,1909f56bfc062723c751e8b465ee728b)  -> (artifact id: '71ae7e7c67d9dcb68c055214c14a236b') in 0.010997 seconds 
========================================================================
Received Import Request.
  Time since last request: 1.606582 seconds.
  path: Assets/Game/Props/Wall Lamp.prefab
  artifactKey: Guid(9f496c4f9ce745a44af5c4bcd7ec7571) Importer(815301076,1909f56bfc062723c751e8b465ee728b)
Start importing Assets/Game/Props/Wall Lamp.prefab using Guid(9f496c4f9ce745a44af5c4bcd7ec7571) Importer(815301076,1909f56bfc062723c751e8b465ee728b)  -> (artifact id: '17beb11e651446a82516c23b7578fbb0') in 0.012119 seconds 
========================================================================
Received Import Request.
  Time since last request: 2.025363 seconds.
  path: Assets/Game/Props/Wall Lamp.prefab
  artifactKey: Guid(9f496c4f9ce745a44af5c4bcd7ec7571) Importer(815301076,1909f56bfc062723c751e8b465ee728b)
Start importing Assets/Game/Props/Wall Lamp.prefab using Guid(9f496c4f9ce745a44af5c4bcd7ec7571) Importer(815301076,1909f56bfc062723c751e8b465ee728b)  -> (artifact id: '13e8c9151d31329e33d75d84122c13d5') in 0.011733 seconds 
========================================================================
Received Import Request.
  Time since last request: 3.840732 seconds.
  path: Assets/Game/Props/Wall Lamp.prefab
  artifactKey: Guid(9f496c4f9ce745a44af5c4bcd7ec7571) Importer(815301076,1909f56bfc062723c751e8b465ee728b)
Start importing Assets/Game/Props/Wall Lamp.prefab using Guid(9f496c4f9ce745a44af5c4bcd7ec7571) Importer(815301076,1909f56bfc062723c751e8b465ee728b)  -> (artifact id: 'd59963f838fc86d3e73bed90a1c01752') in 0.010741 seconds 
========================================================================
Received Import Request.
  Time since last request: 4.643196 seconds.
  path: Assets/Game/Props/Wall Lamp.prefab
  artifactKey: Guid(9f496c4f9ce745a44af5c4bcd7ec7571) Importer(815301076,1909f56bfc062723c751e8b465ee728b)
Start importing Assets/Game/Props/Wall Lamp.prefab using Guid(9f496c4f9ce745a44af5c4bcd7ec7571) Importer(815301076,1909f56bfc062723c751e8b465ee728b)  -> (artifact id: '843e42d83018d5c443df749a5c6be9f5') in 0.010878 seconds 
========================================================================
Received Import Request.
  Time since last request: 4.060277 seconds.
  path: Assets/Game/Props/Wall Lamp.prefab
  artifactKey: Guid(9f496c4f9ce745a44af5c4bcd7ec7571) Importer(815301076,1909f56bfc062723c751e8b465ee728b)
Start importing Assets/Game/Props/Wall Lamp.prefab using Guid(9f496c4f9ce745a44af5c4bcd7ec7571) Importer(815301076,1909f56bfc062723c751e8b465ee728b)  -> (artifact id: 'f08c231e9f28cf52d1326fcdd18c4eb2') in 0.011270 seconds 
========================================================================
Received Import Request.
  Time since last request: 4.228508 seconds.
  path: Assets/Game/Props/Wall Lamp.prefab
  artifactKey: Guid(9f496c4f9ce745a44af5c4bcd7ec7571) Importer(815301076,1909f56bfc062723c751e8b465ee728b)
Start importing Assets/Game/Props/Wall Lamp.prefab using Guid(9f496c4f9ce745a44af5c4bcd7ec7571) Importer(815301076,1909f56bfc062723c751e8b465ee728b)  -> (artifact id: '08077d33980b5428f84a8c52fae0e0cf') in 0.010809 seconds 
========================================================================
Received Import Request.
  Time since last request: 3.412378 seconds.
  path: Assets/Game/Props/Wall Lamp.prefab
  artifactKey: Guid(9f496c4f9ce745a44af5c4bcd7ec7571) Importer(815301076,1909f56bfc062723c751e8b465ee728b)
Start importing Assets/Game/Props/Wall Lamp.prefab using Guid(9f496c4f9ce745a44af5c4bcd7ec7571) Importer(815301076,1909f56bfc062723c751e8b465ee728b)  -> (artifact id: 'b6d010f34a1f7d8892f6f62bc4c9e57e') in 0.011751 seconds 
========================================================================
Received Import Request.
  Time since last request: 5.649392 seconds.
  path: Assets/Game/Props/Wall Lamp.prefab
  artifactKey: Guid(9f496c4f9ce745a44af5c4bcd7ec7571) Importer(815301076,1909f56bfc062723c751e8b465ee728b)
Start importing Assets/Game/Props/Wall Lamp.prefab using Guid(9f496c4f9ce745a44af5c4bcd7ec7571) Importer(815301076,1909f56bfc062723c751e8b465ee728b)  -> (artifact id: '925a944032102ff3419071189c56a5bc') in 0.010401 seconds 
========================================================================
Received Import Request.
  Time since last request: 47.690531 seconds.
  path: Assets/Game/Pickups/Sword Pickup.prefab
  artifactKey: Guid(9664c8286e1ac6c4e8651b8444056636) Importer(815301076,1909f56bfc062723c751e8b465ee728b)
Start importing Assets/Game/Pickups/Sword Pickup.prefab using Guid(9664c8286e1ac6c4e8651b8444056636) Importer(815301076,1909f56bfc062723c751e8b465ee728b)  -> (artifact id: 'a2bb7a0760a7cd521321fed4d39f6afe') in 0.038012 seconds 
========================================================================
Received Import Request.
  Time since last request: 46.721447 seconds.
  path: Assets/Game/Weapons/Fireball/Equipped Fireball.prefab
  artifactKey: Guid(0d680f7af27d2df4c8b65c6c1975a3c9) Importer(815301076,1909f56bfc062723c751e8b465ee728b)
Start importing Assets/Game/Weapons/Fireball/Equipped Fireball.prefab using Guid(0d680f7af27d2df4c8b65c6c1975a3c9) Importer(815301076,1909f56bfc062723c751e8b465ee728b)  -> (artifact id: 'dda09ad9f8a67f7304afc84deeebbc09') in 0.012769 seconds 
========================================================================
Received Prepare
Registering precompiled user dll's ...
Registered in 0.005648 seconds.
Begin MonoManager ReloadAssembly
Symbol file LoadedFromMemory doesn't match image C:\Users\Francesco\Project\unity\RPG - demo\Library\PackageCache\com.unity.visualscripting@1.8.0\Editor\VisualScripting.Core\Dependencies\YamlDotNet\Unity.VisualScripting.YamlDotNet.dll
Symbol file LoadedFromMemory doesn't match image C:\Users\Francesco\Project\unity\RPG - demo\Library\PackageCache\com.unity.visualscripting@1.8.0\Editor\VisualScripting.Core\Dependencies\DotNetZip\Unity.VisualScripting.IonicZip.dll
Native extension for WindowsStandalone target not found
Native extension for WebGL target not found
Refreshing native plugins compatible for Editor in 0.59 ms, found 3 plugins.
Preloading 0 native plugins for Editor in 0.00 ms.
Mono: successfully reloaded assembly
- Completed reload, in  0.847 seconds
Domain Reload Profiling:
	ReloadAssembly (848ms)
		BeginReloadAssembly (126ms)
			ExecutionOrderSort (0ms)
			DisableScriptedObjects (4ms)
			BackupInstance (0ms)
			ReleaseScriptingObjects (0ms)
			CreateAndSetChildDomain (39ms)
		EndReloadAssembly (650ms)
			LoadAssemblies (70ms)
			RebuildTransferFunctionScriptingTraits (0ms)
			SetupTypeCache (191ms)
			ReleaseScriptCaches (1ms)
			RebuildScriptCaches (34ms)
			SetupLoadedEditorAssemblies (323ms)
				LogAssemblyErrors (0ms)
				InitializePlatformSupportModulesInManaged (7ms)
				SetLoadedEditorAssemblies (0ms)
				RefreshPlugins (1ms)
				BeforeProcessingInitializeOnLoad (65ms)
				ProcessInitializeOnLoadAttributes (227ms)
				ProcessInitializeOnLoadMethodAttributes (15ms)
				AfterProcessingInitializeOnLoad (9ms)
				EditorAssembliesLoaded (0ms)
			ExecutionOrderSort2 (0ms)
			AwakeInstancesAfterBackupRestoration (6ms)
Platform modules already initialized, skipping
Refreshing native plugins compatible for Editor in 1.67 ms, found 3 plugins.
Preloading 0 native plugins for Editor in 0.00 ms.
Unloading 3309 Unused Serialized files (Serialized files now loaded: 0)
Unloading 21 unused Assets / (152.8 KB). Loaded Objects now: 3850.
Memory consumption went from 211.2 MB to 211.1 MB.
Total: 2.096100 ms (FindLiveObjects: 0.200000 ms CreateObjectMapping: 0.104200 ms MarkObjects: 1.699200 ms  DeleteObjects: 0.091800 ms)

AssetImportParameters requested are different than current active one (requested -> active):
  custom:video-decoder-ogg-theora: a1e56fd34408186e4bbccfd4996cb3dc -> 
  custom:container-muxer-webm: aa71ff27fc2769a1b78a27578f13a17b -> 
  custom:container-demuxer-webm: 4f35f7cbe854078d1ac9338744f61a02 -> 
  custom:video-encoder-webm-vp8: eb34c28f22e8b96e1ab97ce403110664 -> 
  custom:audio-encoder-webm-vorbis: bf7c407c2cedff20999df2af8eb42d56 -> 
  custom:framework-win-MediaFoundation: 216162199b28c13a410421893ffa2e32 -> 
  custom:container-demuxer-ogg: 62fdf1f143b41e24485cea50d1cbac27 -> 
  custom:video-decoder-webm-vp8: 9c59270c3fd7afecdb556c50c9e8de78 -> 
  custom:audio-decoder-ogg-vorbis: bf7c407c2cedff20999df2af8eb42d56 -> 
========================================================================
Received Prepare
Registering precompiled user dll's ...
Registered in 0.005626 seconds.
Begin MonoManager ReloadAssembly
Symbol file LoadedFromMemory doesn't match image C:\Users\Francesco\Project\unity\RPG - demo\Library\PackageCache\com.unity.visualscripting@1.8.0\Editor\VisualScripting.Core\Dependencies\YamlDotNet\Unity.VisualScripting.YamlDotNet.dll
Symbol file LoadedFromMemory doesn't match image C:\Users\Francesco\Project\unity\RPG - demo\Library\PackageCache\com.unity.visualscripting@1.8.0\Editor\VisualScripting.Core\Dependencies\DotNetZip\Unity.VisualScripting.IonicZip.dll
Native extension for WindowsStandalone target not found
Native extension for WebGL target not found
Refreshing native plugins compatible for Editor in 0.56 ms, found 3 plugins.
Preloading 0 native plugins for Editor in 0.00 ms.
Mono: successfully reloaded assembly
- Completed reload, in  0.829 seconds
Domain Reload Profiling:
	ReloadAssembly (829ms)
		BeginReloadAssembly (123ms)
			ExecutionOrderSort (0ms)
			DisableScriptedObjects (3ms)
			BackupInstance (0ms)
			ReleaseScriptingObjects (0ms)
			CreateAndSetChildDomain (35ms)
		EndReloadAssembly (633ms)
			LoadAssemblies (74ms)
			RebuildTransferFunctionScriptingTraits (0ms)
			SetupTypeCache (190ms)
			ReleaseScriptCaches (1ms)
			RebuildScriptCaches (34ms)
			SetupLoadedEditorAssemblies (313ms)
				LogAssemblyErrors (0ms)
				InitializePlatformSupportModulesInManaged (8ms)
				SetLoadedEditorAssemblies (0ms)
				RefreshPlugins (1ms)
				BeforeProcessingInitializeOnLoad (58ms)
				ProcessInitializeOnLoadAttributes (222ms)
				ProcessInitializeOnLoadMethodAttributes (14ms)
				AfterProcessingInitializeOnLoad (10ms)
				EditorAssembliesLoaded (0ms)
			ExecutionOrderSort2 (0ms)
			AwakeInstancesAfterBackupRestoration (5ms)
Platform modules already initialized, skipping
Refreshing native plugins compatible for Editor in 1.75 ms, found 3 plugins.
Preloading 0 native plugins for Editor in 0.00 ms.
Unloading 3309 Unused Serialized files (Serialized files now loaded: 0)
Unloading 21 unused Assets / (152.8 KB). Loaded Objects now: 3865.
Memory consumption went from 211.2 MB to 211.1 MB.
Total: 2.512200 ms (FindLiveObjects: 0.222200 ms CreateObjectMapping: 0.223500 ms MarkObjects: 1.962100 ms  DeleteObjects: 0.103600 ms)

AssetImportParameters requested are different than current active one (requested -> active):
  custom:video-decoder-ogg-theora: a1e56fd34408186e4bbccfd4996cb3dc -> 
  custom:container-muxer-webm: aa71ff27fc2769a1b78a27578f13a17b -> 
  custom:container-demuxer-webm: 4f35f7cbe854078d1ac9338744f61a02 -> 
  custom:video-encoder-webm-vp8: eb34c28f22e8b96e1ab97ce403110664 -> 
  custom:audio-encoder-webm-vorbis: bf7c407c2cedff20999df2af8eb42d56 -> 
  custom:framework-win-MediaFoundation: 216162199b28c13a410421893ffa2e32 -> 
  custom:container-demuxer-ogg: 62fdf1f143b41e24485cea50d1cbac27 -> 
  custom:video-decoder-webm-vp8: 9c59270c3fd7afecdb556c50c9e8de78 -> 
  custom:audio-decoder-ogg-vorbis: bf7c407c2cedff20999df2af8eb42d56 -> 
========================================================================
Received Prepare
Registering precompiled user dll's ...
Registered in 0.005497 seconds.
Begin MonoManager ReloadAssembly
Symbol file LoadedFromMemory doesn't match image C:\Users\Francesco\Project\unity\RPG - demo\Library\PackageCache\com.unity.visualscripting@1.8.0\Editor\VisualScripting.Core\Dependencies\YamlDotNet\Unity.VisualScripting.YamlDotNet.dll
Symbol file LoadedFromMemory doesn't match image C:\Users\Francesco\Project\unity\RPG - demo\Library\PackageCache\com.unity.visualscripting@1.8.0\Editor\VisualScripting.Core\Dependencies\DotNetZip\Unity.VisualScripting.IonicZip.dll
Native extension for WindowsStandalone target not found
Native extension for WebGL target not found
Refreshing native plugins compatible for Editor in 0.76 ms, found 3 plugins.
Preloading 0 native plugins for Editor in 0.00 ms.
Mono: successfully reloaded assembly
- Completed reload, in  0.850 seconds
Domain Reload Profiling:
	ReloadAssembly (850ms)
		BeginReloadAssembly (119ms)
			ExecutionOrderSort (0ms)
			DisableScriptedObjects (3ms)
			BackupInstance (0ms)
			ReleaseScriptingObjects (0ms)
			CreateAndSetChildDomain (26ms)
		EndReloadAssembly (655ms)
			LoadAssemblies (86ms)
			RebuildTransferFunctionScriptingTraits (0ms)
			SetupTypeCache (188ms)
			ReleaseScriptCaches (1ms)
			RebuildScriptCaches (34ms)
			SetupLoadedEditorAssemblies (320ms)
				LogAssemblyErrors (0ms)
				InitializePlatformSupportModulesInManaged (9ms)
				SetLoadedEditorAssemblies (0ms)
				RefreshPlugins (1ms)
				BeforeProcessingInitializeOnLoad (57ms)
				ProcessInitializeOnLoadAttributes (227ms)
				ProcessInitializeOnLoadMethodAttributes (17ms)
				AfterProcessingInitializeOnLoad (9ms)
				EditorAssembliesLoaded (0ms)
			ExecutionOrderSort2 (0ms)
			AwakeInstancesAfterBackupRestoration (6ms)
Platform modules already initialized, skipping
Refreshing native plugins compatible for Editor in 1.58 ms, found 3 plugins.
Preloading 0 native plugins for Editor in 0.00 ms.
Unloading 3309 Unused Serialized files (Serialized files now loaded: 0)
Unloading 21 unused Assets / (152.8 KB). Loaded Objects now: 3880.
Memory consumption went from 211.2 MB to 211.1 MB.
Total: 2.278800 ms (FindLiveObjects: 0.229800 ms CreateObjectMapping: 0.123200 ms MarkObjects: 1.820100 ms  DeleteObjects: 0.104700 ms)

AssetImportParameters requested are different than current active one (requested -> active):
  custom:video-decoder-ogg-theora: a1e56fd34408186e4bbccfd4996cb3dc -> 
  custom:container-muxer-webm: aa71ff27fc2769a1b78a27578f13a17b -> 
  custom:container-demuxer-webm: 4f35f7cbe854078d1ac9338744f61a02 -> 
  custom:video-encoder-webm-vp8: eb34c28f22e8b96e1ab97ce403110664 -> 
  custom:audio-encoder-webm-vorbis: bf7c407c2cedff20999df2af8eb42d56 -> 
  custom:framework-win-MediaFoundation: 216162199b28c13a410421893ffa2e32 -> 
  custom:container-demuxer-ogg: 62fdf1f143b41e24485cea50d1cbac27 -> 
  custom:video-decoder-webm-vp8: 9c59270c3fd7afecdb556c50c9e8de78 -> 
  custom:audio-decoder-ogg-vorbis: bf7c407c2cedff20999df2af8eb42d56 -> 
========================================================================
Received Prepare
Registering precompiled user dll's ...
Registered in 0.005394 seconds.
Begin MonoManager ReloadAssembly
Symbol file LoadedFromMemory doesn't match image C:\Users\Francesco\Project\unity\RPG - demo\Library\PackageCache\com.unity.visualscripting@1.8.0\Editor\VisualScripting.Core\Dependencies\YamlDotNet\Unity.VisualScripting.YamlDotNet.dll
Symbol file LoadedFromMemory doesn't match image C:\Users\Francesco\Project\unity\RPG - demo\Library\PackageCache\com.unity.visualscripting@1.8.0\Editor\VisualScripting.Core\Dependencies\DotNetZip\Unity.VisualScripting.IonicZip.dll
Native extension for WindowsStandalone target not found
Native extension for WebGL target not found
Refreshing native plugins compatible for Editor in 0.57 ms, found 3 plugins.
Preloading 0 native plugins for Editor in 0.00 ms.
Mono: successfully reloaded assembly
- Completed reload, in  0.842 seconds
Domain Reload Profiling:
	ReloadAssembly (843ms)
		BeginReloadAssembly (117ms)
			ExecutionOrderSort (0ms)
			DisableScriptedObjects (4ms)
			BackupInstance (0ms)
			ReleaseScriptingObjects (0ms)
			CreateAndSetChildDomain (32ms)
		EndReloadAssembly (651ms)
			LoadAssemblies (71ms)
			RebuildTransferFunctionScriptingTraits (0ms)
			SetupTypeCache (191ms)
			ReleaseScriptCaches (1ms)
			RebuildScriptCaches (40ms)
			SetupLoadedEditorAssemblies (314ms)
				LogAssemblyErrors (0ms)
				InitializePlatformSupportModulesInManaged (7ms)
				SetLoadedEditorAssemblies (0ms)
				RefreshPlugins (1ms)
				BeforeProcessingInitializeOnLoad (58ms)
				ProcessInitializeOnLoadAttributes (223ms)
				ProcessInitializeOnLoadMethodAttributes (14ms)
				AfterProcessingInitializeOnLoad (10ms)
				EditorAssembliesLoaded (0ms)
			ExecutionOrderSort2 (0ms)
			AwakeInstancesAfterBackupRestoration (6ms)
Platform modules already initialized, skipping
Refreshing native plugins compatible for Editor in 2.04 ms, found 3 plugins.
Preloading 0 native plugins for Editor in 0.00 ms.
Unloading 3309 Unused Serialized files (Serialized files now loaded: 0)
Unloading 21 unused Assets / (152.8 KB). Loaded Objects now: 3895.
Memory consumption went from 211.3 MB to 211.1 MB.
Total: 2.353000 ms (FindLiveObjects: 0.211400 ms CreateObjectMapping: 0.096500 ms MarkObjects: 1.936200 ms  DeleteObjects: 0.107700 ms)

AssetImportParameters requested are different than current active one (requested -> active):
  custom:video-decoder-ogg-theora: a1e56fd34408186e4bbccfd4996cb3dc -> 
  custom:container-muxer-webm: aa71ff27fc2769a1b78a27578f13a17b -> 
  custom:container-demuxer-webm: 4f35f7cbe854078d1ac9338744f61a02 -> 
  custom:video-encoder-webm-vp8: eb34c28f22e8b96e1ab97ce403110664 -> 
  custom:audio-encoder-webm-vorbis: bf7c407c2cedff20999df2af8eb42d56 -> 
  custom:framework-win-MediaFoundation: 216162199b28c13a410421893ffa2e32 -> 
  custom:container-demuxer-ogg: 62fdf1f143b41e24485cea50d1cbac27 -> 
  custom:video-decoder-webm-vp8: 9c59270c3fd7afecdb556c50c9e8de78 -> 
  custom:audio-decoder-ogg-vorbis: bf7c407c2cedff20999df2af8eb42d56 -> 
========================================================================
Received Prepare
Registering precompiled user dll's ...
Registered in 0.005564 seconds.
Begin MonoManager ReloadAssembly
Symbol file LoadedFromMemory doesn't match image C:\Users\Francesco\Project\unity\RPG - demo\Library\PackageCache\com.unity.visualscripting@1.8.0\Editor\VisualScripting.Core\Dependencies\YamlDotNet\Unity.VisualScripting.YamlDotNet.dll
Symbol file LoadedFromMemory doesn't match image C:\Users\Francesco\Project\unity\RPG - demo\Library\PackageCache\com.unity.visualscripting@1.8.0\Editor\VisualScripting.Core\Dependencies\DotNetZip\Unity.VisualScripting.IonicZip.dll
Native extension for WindowsStandalone target not found
Native extension for WebGL target not found
Refreshing native plugins compatible for Editor in 0.68 ms, found 3 plugins.
Preloading 0 native plugins for Editor in 0.00 ms.
Mono: successfully reloaded assembly
- Completed reload, in  0.856 seconds
Domain Reload Profiling:
	ReloadAssembly (856ms)
		BeginReloadAssembly (124ms)
			ExecutionOrderSort (0ms)
			DisableScriptedObjects (3ms)
			BackupInstance (0ms)
			ReleaseScriptingObjects (0ms)
			CreateAndSetChildDomain (36ms)
		EndReloadAssembly (660ms)
			LoadAssemblies (75ms)
			RebuildTransferFunctionScriptingTraits (0ms)
			SetupTypeCache (207ms)
			ReleaseScriptCaches (1ms)
			RebuildScriptCaches (36ms)
			SetupLoadedEditorAssemblies (310ms)
				LogAssemblyErrors (0ms)
				InitializePlatformSupportModulesInManaged (7ms)
				SetLoadedEditorAssemblies (1ms)
				RefreshPlugins (1ms)
				BeforeProcessingInitializeOnLoad (58ms)
				ProcessInitializeOnLoadAttributes (218ms)
				ProcessInitializeOnLoadMethodAttributes (16ms)
				AfterProcessingInitializeOnLoad (9ms)
				EditorAssembliesLoaded (0ms)
			ExecutionOrderSort2 (0ms)
			AwakeInstancesAfterBackupRestoration (5ms)
Platform modules already initialized, skipping
Refreshing native plugins compatible for Editor in 1.69 ms, found 3 plugins.
Preloading 0 native plugins for Editor in 0.00 ms.
Unloading 3309 Unused Serialized files (Serialized files now loaded: 0)
Unloading 21 unused Assets / (152.9 KB). Loaded Objects now: 3910.
Memory consumption went from 211.2 MB to 211.0 MB.
Total: 2.178000 ms (FindLiveObjects: 0.220000 ms CreateObjectMapping: 0.102700 ms MarkObjects: 1.746900 ms  DeleteObjects: 0.107200 ms)

AssetImportParameters requested are different than current active one (requested -> active):
  custom:video-decoder-ogg-theora: a1e56fd34408186e4bbccfd4996cb3dc -> 
  custom:container-muxer-webm: aa71ff27fc2769a1b78a27578f13a17b -> 
  custom:container-demuxer-webm: 4f35f7cbe854078d1ac9338744f61a02 -> 
  custom:video-encoder-webm-vp8: eb34c28f22e8b96e1ab97ce403110664 -> 
  custom:audio-encoder-webm-vorbis: bf7c407c2cedff20999df2af8eb42d56 -> 
  custom:framework-win-MediaFoundation: 216162199b28c13a410421893ffa2e32 -> 
  custom:container-demuxer-ogg: 62fdf1f143b41e24485cea50d1cbac27 -> 
  custom:video-decoder-webm-vp8: 9c59270c3fd7afecdb556c50c9e8de78 -> 
  custom:audio-decoder-ogg-vorbis: bf7c407c2cedff20999df2af8eb42d56 -> 
========================================================================
Received Prepare
Registering precompiled user dll's ...
Registered in 0.005439 seconds.
Begin MonoManager ReloadAssembly
Symbol file LoadedFromMemory doesn't match image C:\Users\Francesco\Project\unity\RPG - demo\Library\PackageCache\com.unity.visualscripting@1.8.0\Editor\VisualScripting.Core\Dependencies\YamlDotNet\Unity.VisualScripting.YamlDotNet.dll
Symbol file LoadedFromMemory doesn't match image C:\Users\Francesco\Project\unity\RPG - demo\Library\PackageCache\com.unity.visualscripting@1.8.0\Editor\VisualScripting.Core\Dependencies\DotNetZip\Unity.VisualScripting.IonicZip.dll
Native extension for WindowsStandalone target not found
Native extension for WebGL target not found
Refreshing native plugins compatible for Editor in 0.56 ms, found 3 plugins.
Preloading 0 native plugins for Editor in 0.00 ms.
Mono: successfully reloaded assembly
- Completed reload, in  0.832 seconds
Domain Reload Profiling:
	ReloadAssembly (833ms)
		BeginReloadAssembly (116ms)
			ExecutionOrderSort (0ms)
			DisableScriptedObjects (3ms)
			BackupInstance (0ms)
			ReleaseScriptingObjects (0ms)
			CreateAndSetChildDomain (27ms)
		EndReloadAssembly (643ms)
			LoadAssemblies (78ms)
			RebuildTransferFunctionScriptingTraits (0ms)
			SetupTypeCache (194ms)
			ReleaseScriptCaches (1ms)
			RebuildScriptCaches (31ms)
			SetupLoadedEditorAssemblies (318ms)
				LogAssemblyErrors (0ms)
				InitializePlatformSupportModulesInManaged (6ms)
				SetLoadedEditorAssemblies (0ms)
				RefreshPlugins (1ms)
				BeforeProcessingInitializeOnLoad (59ms)
				ProcessInitializeOnLoadAttributes (227ms)
				ProcessInitializeOnLoadMethodAttributes (15ms)
				AfterProcessingInitializeOnLoad (9ms)
				EditorAssembliesLoaded (0ms)
			ExecutionOrderSort2 (0ms)
			AwakeInstancesAfterBackupRestoration (5ms)
Platform modules already initialized, skipping
Refreshing native plugins compatible for Editor in 1.54 ms, found 3 plugins.
Preloading 0 native plugins for Editor in 0.00 ms.
Unloading 3309 Unused Serialized files (Serialized files now loaded: 0)
Unloading 21 unused Assets / (152.8 KB). Loaded Objects now: 3925.
Memory consumption went from 211.3 MB to 211.1 MB.
Total: 2.372500 ms (FindLiveObjects: 0.265300 ms CreateObjectMapping: 0.172400 ms MarkObjects: 1.830500 ms  DeleteObjects: 0.103600 ms)

AssetImportParameters requested are different than current active one (requested -> active):
  custom:video-decoder-ogg-theora: a1e56fd34408186e4bbccfd4996cb3dc -> 
  custom:container-muxer-webm: aa71ff27fc2769a1b78a27578f13a17b -> 
  custom:container-demuxer-webm: 4f35f7cbe854078d1ac9338744f61a02 -> 
  custom:video-encoder-webm-vp8: eb34c28f22e8b96e1ab97ce403110664 -> 
  custom:audio-encoder-webm-vorbis: bf7c407c2cedff20999df2af8eb42d56 -> 
  custom:framework-win-MediaFoundation: 216162199b28c13a410421893ffa2e32 -> 
  custom:container-demuxer-ogg: 62fdf1f143b41e24485cea50d1cbac27 -> 
  custom:video-decoder-webm-vp8: 9c59270c3fd7afecdb556c50c9e8de78 -> 
  custom:audio-decoder-ogg-vorbis: bf7c407c2cedff20999df2af8eb42d56 -> 
========================================================================
Received Import Request.
  Time since last request: 2014.587472 seconds.
  path: Assets/Asset Packs/PolygonKnights/Models/ConvexCollisions/SM_Env_Canal_Bridge_01_Convex.asset
  artifactKey: Guid(c3dc9e8e9dc8a6c43939f5e8e8d2cb1f) Importer(815301076,1909f56bfc062723c751e8b465ee728b)
Start importing Assets/Asset Packs/PolygonKnights/Models/ConvexCollisions/SM_Env_Canal_Bridge_01_Convex.asset using Guid(c3dc9e8e9dc8a6c43939f5e8e8d2cb1f) Importer(815301076,1909f56bfc062723c751e8b465ee728b)  -> (artifact id: 'c5f7f675fd760a221bfec9176b7a7b2f') in 0.064301 seconds 
========================================================================
Received Import Request.
  Time since last request: 0.000021 seconds.
  path: Assets/Asset Packs/PolygonKnights/Models/ConvexCollisions/SM_Env_Canal_Bridge_01_Convex 1.asset
  artifactKey: Guid(47495fe29ea3ffe46b83ef4585619b8c) Importer(815301076,1909f56bfc062723c751e8b465ee728b)
Start importing Assets/Asset Packs/PolygonKnights/Models/ConvexCollisions/SM_Env_Canal_Bridge_01_Convex 1.asset using Guid(47495fe29ea3ffe46b83ef4585619b8c) Importer(815301076,1909f56bfc062723c751e8b465ee728b)  -> (artifact id: '37c657eafd47a72c4e34bc47f8b0e539') in 0.041824 seconds 
========================================================================
Received Import Request.
  Time since last request: 0.000039 seconds.
  path: Assets/Asset Packs/PolygonKnights/Prefabs/Environments/Snow/SM_Env_Canal_Bridge_01_Snow.prefab
  artifactKey: Guid(c68eb570100218d42b229d729668a091) Importer(815301076,1909f56bfc062723c751e8b465ee728b)
Start importing Assets/Asset Packs/PolygonKnights/Prefabs/Environments/Snow/SM_Env_Canal_Bridge_01_Snow.prefab using Guid(c68eb570100218d42b229d729668a091) Importer(815301076,1909f56bfc062723c751e8b465ee728b)  -> (artifact id: '920437e20e505671d2800ee77df6e0cb') in 0.038861 seconds 
========================================================================
Received Import Request.
  Time since last request: 0.000027 seconds.
  path: Assets/Asset Packs/PolygonKnights/Models/ConvexCollisions/SM_Env_Canal_Bridge_01_Snow_Convex.asset
  artifactKey: Guid(2674e80615d946c46b66563409aa37fa) Importer(815301076,1909f56bfc062723c751e8b465ee728b)
Start importing Assets/Asset Packs/PolygonKnights/Models/ConvexCollisions/SM_Env_Canal_Bridge_01_Snow_Convex.asset using Guid(2674e80615d946c46b66563409aa37fa) Importer(815301076,1909f56bfc062723c751e8b465ee728b)  -> (artifact id: 'f2122159bdd5df05763420d1a4a1bdea') in 0.019001 seconds 
========================================================================
Received Import Request.
  Time since last request: 0.000024 seconds.
  path: Assets/Asset Packs/PolygonKnights/Models/ConvexCollisions/SM_Env_Canal_Bridge_01_Snow_Convex 3.asset
  artifactKey: Guid(f04f5c5b02dc113439420db4d8ba736d) Importer(815301076,1909f56bfc062723c751e8b465ee728b)
Start importing Assets/Asset Packs/PolygonKnights/Models/ConvexCollisions/SM_Env_Canal_Bridge_01_Snow_Convex 3.asset using Guid(f04f5c5b02dc113439420db4d8ba736d) Importer(815301076,1909f56bfc062723c751e8b465ee728b)  -> (artifact id: '33aeba19b92e3219395eb078acaac319') in 0.034166 seconds 
========================================================================
Received Import Request.
  Time since last request: 0.000019 seconds.
  path: Assets/Asset Packs/PolygonKnights/Models/ConvexCollisions/SM_Env_Canal_Bridge_01_Snow_Convex 4.asset
  artifactKey: Guid(6ae9bbc9363c0ae42b0dd3f77430fecd) Importer(815301076,1909f56bfc062723c751e8b465ee728b)
Start importing Assets/Asset Packs/PolygonKnights/Models/ConvexCollisions/SM_Env_Canal_Bridge_01_Snow_Convex 4.asset using Guid(6ae9bbc9363c0ae42b0dd3f77430fecd) Importer(815301076,1909f56bfc062723c751e8b465ee728b)  -> (artifact id: '34a3df0e3a063622e06fbc21554e1883') in 0.037012 seconds 
Editor requested this worker to shutdown with reason: Scaling down because of idle timeout
AssetImportWorker is now disconnected from the server
Process exiting
Exiting without the bug reporter. Application will terminate with return code 0